2021-01-08 15:48:02.488 [http-nio-8443-exec-1] ERROR org.apache.catalina.core.ContainerBase.[Tomcat].[localhost].[/].[dispatcherServlet] - Servlet.service() for servlet [dispatcherServlet] in context with path [] threw exception [Request processing failed; nested exception is com.alibaba.excel.exception.ExcelGenerateException: Create workbook failure] with root cause
org.apache.poi.EmptyFileException: The supplied file was empty (zero bytes long)
	at org.apache.poi.util.IOUtils.peekFirstNBytes(IOUtils.java:74) ~[poi-3.17.jar:3.17]
	at org.apache.poi.util.IOUtils.peekFirst8Bytes(IOUtils.java:57) ~[poi-3.17.jar:3.17]
	at org.apache.poi.poifs.filesystem.FileMagic.valueOf(FileMagic.java:135) ~[poi-3.17.jar:3.17]
	at org.apache.poi.openxml4j.opc.internal.ZipHelper.verifyZipHeader(ZipHelper.java:175) ~[poi-ooxml-3.17.jar:3.17]
	at org.apache.poi.openxml4j.opc.internal.ZipHelper.openZipStream(ZipHelper.java:209) ~[poi-ooxml-3.17.jar:3.17]
	at org.apache.poi.openxml4j.opc.ZipPackage.<init>(ZipPackage.java:98) ~[poi-ooxml-3.17.jar:3.17]
	at org.apache.poi.openxml4j.opc.OPCPackage.open(OPCPackage.java:324) ~[poi-ooxml-3.17.jar:3.17]
	at org.apache.poi.util.PackageHelper.open(PackageHelper.java:37) ~[poi-ooxml-3.17.jar:3.17]
	at org.apache.poi.xssf.usermodel.XSSFWorkbook.<init>(XSSFWorkbook.java:295) ~[poi-ooxml-3.17.jar:3.17]
	at com.alibaba.excel.util.WorkBookUtil.createWorkBook(WorkBookUtil.java:32) ~[easyexcel-2.1.6.jar:?]
	at com.alibaba.excel.context.WriteContextImpl.<init>(WriteContextImpl.java:83) ~[easyexcel-2.1.6.jar:?]
	at com.alibaba.excel.write.ExcelBuilderImpl.<init>(ExcelBuilderImpl.java:35) ~[easyexcel-2.1.6.jar:?]
	at com.alibaba.excel.ExcelWriter.<init>(ExcelWriter.java:47) ~[easyexcel-2.1.6.jar:?]
	at com.alibaba.excel.write.builder.ExcelWriterBuilder.build(ExcelWriterBuilder.java:257) ~[easyexcel-2.1.6.jar:?]
	at com.uwntek.worklog.controller.MonthlogController.export(MonthlogController.java:79) ~[classes/:?]
	at sun.reflect.NativeMethodAccessorImpl.invoke0(Native Method) ~[?:1.8.0_212]
	at sun.reflect.NativeMethodAccessorImpl.invoke(NativeMethodAccessorImpl.java:62) ~[?:1.8.0_212]
	at sun.reflect.DelegatingMethodAccessorImpl.invoke(DelegatingMethodAccessorImpl.java:43) ~[?:1.8.0_212]
	at java.lang.reflect.Method.invoke(Method.java:498) ~[?:1.8.0_212]
	at org.springframework.web.method.support.InvocableHandlerMethod.doInvoke(InvocableHandlerMethod.java:189) ~[spring-web-5.1.3.RELEASE.jar:5.1.3.RELEASE]
	at org.springframework.web.method.support.InvocableHandlerMethod.invokeForRequest(InvocableHandlerMethod.java:138) ~[spring-web-5.1.3.RELEASE.jar:5.1.3.RELEASE]
	at org.springframework.web.servlet.mvc.method.annotation.ServletInvocableHandlerMethod.invokeAndHandle(ServletInvocableHandlerMethod.java:102) ~[spring-webmvc-5.1.3.RELEASE.jar:5.1.3.RELEASE]
	at org.springframework.web.servlet.mvc.method.annotation.RequestMappingHandlerAdapter.invokeHandlerMethod(RequestMappingHandlerAdapter.java:895) ~[spring-webmvc-5.1.3.RELEASE.jar:5.1.3.RELEASE]
	at org.springframework.web.servlet.mvc.method.annotation.RequestMappingHandlerAdapter.handleInternal(RequestMappingHandlerAdapter.java:800) ~[spring-webmvc-5.1.3.RELEASE.jar:5.1.3.RELEASE]
	at org.springframework.web.servlet.mvc.method.AbstractHandlerMethodAdapter.handle(AbstractHandlerMethodAdapter.java:87) ~[spring-webmvc-5.1.3.RELEASE.jar:5.1.3.RELEASE]
	at org.springframework.web.servlet.DispatcherServlet.doDispatch(DispatcherServlet.java:1038) ~[spring-webmvc-5.1.3.RELEASE.jar:5.1.3.RELEASE]
	at org.springframework.web.servlet.DispatcherServlet.doService(DispatcherServlet.java:942) ~[spring-webmvc-5.1.3.RELEASE.jar:5.1.3.RELEASE]
	at org.springframework.web.servlet.FrameworkServlet.processRequest(FrameworkServlet.java:1005) ~[spring-webmvc-5.1.3.RELEASE.jar:5.1.3.RELEASE]
	at org.springframework.web.servlet.FrameworkServlet.doGet(FrameworkServlet.java:897) ~[spring-webmvc-5.1.3.RELEASE.jar:5.1.3.RELEASE]
	at javax.servlet.http.HttpServlet.service(HttpServlet.java:634) ~[tomcat-embed-core-9.0.13.jar:9.0.13]
	at org.springframework.web.servlet.FrameworkServlet.service(FrameworkServlet.java:882) ~[spring-webmvc-5.1.3.RELEASE.jar:5.1.3.RELEASE]
	at javax.servlet.http.HttpServlet.service(HttpServlet.java:741) ~[tomcat-embed-core-9.0.13.jar:9.0.13]
	at org.apache.catalina.core.ApplicationFilterChain.internalDoFilter(ApplicationFilterChain.java:231) ~[tomcat-embed-core-9.0.13.jar:9.0.13]
	at org.apache.catalina.core.ApplicationFilterChain.doFilter(ApplicationFilterChain.java:166) ~[tomcat-embed-core-9.0.13.jar:9.0.13]
	at org.apache.tomcat.websocket.server.WsFilter.doFilter(WsFilter.java:53) ~[tomcat-embed-websocket-9.0.13.jar:9.0.13]
	at org.apache.catalina.core.ApplicationFilterChain.internalDoFilter(ApplicationFilterChain.java:193) ~[tomcat-embed-core-9.0.13.jar:9.0.13]
	at org.apache.catalina.core.ApplicationFilterChain.doFilter(ApplicationFilterChain.java:166) ~[tomcat-embed-core-9.0.13.jar:9.0.13]
	at org.apache.shiro.web.servlet.AbstractShiroFilter.executeChain(AbstractShiroFilter.java:449) ~[shiro-web-1.3.2.jar:1.3.2]
	at org.apache.shiro.web.servlet.AbstractShiroFilter$1.call(AbstractShiroFilter.java:365) ~[shiro-web-1.3.2.jar:1.3.2]
	at org.apache.shiro.subject.support.SubjectCallable.doCall(SubjectCallable.java:90) ~[shiro-core-1.3.2.jar:1.3.2]
	at org.apache.shiro.subject.support.SubjectCallable.call(SubjectCallable.java:83) ~[shiro-core-1.3.2.jar:1.3.2]
	at org.apache.shiro.subject.support.DelegatingSubject.execute(DelegatingSubject.java:383) ~[shiro-core-1.3.2.jar:1.3.2]
	at org.apache.shiro.web.servlet.AbstractShiroFilter.doFilterInternal(AbstractShiroFilter.java:362) ~[shiro-web-1.3.2.jar:1.3.2]
	at org.apache.shiro.web.servlet.OncePerRequestFilter.doFilter(OncePerRequestFilter.java:125) ~[shiro-web-1.3.2.jar:1.3.2]
	at org.apache.catalina.core.ApplicationFilterChain.internalDoFilter(ApplicationFilterChain.java:193) ~[tomcat-embed-core-9.0.13.jar:9.0.13]
	at org.apache.catalina.core.ApplicationFilterChain.doFilter(ApplicationFilterChain.java:166) ~[tomcat-embed-core-9.0.13.jar:9.0.13]
	at com.uwntek.worklog.filter.ShiroLoginFilter.doFilter(ShiroLoginFilter.java:42) ~[classes/:?]
	at org.apache.catalina.core.ApplicationFilterChain.internalDoFilter(ApplicationFilterChain.java:193) ~[tomcat-embed-core-9.0.13.jar:9.0.13]
	at org.apache.catalina.core.ApplicationFilterChain.doFilter(ApplicationFilterChain.java:166) ~[tomcat-embed-core-9.0.13.jar:9.0.13]
	at org.springframework.web.filter.RequestContextFilter.doFilterInternal(RequestContextFilter.java:99) ~[spring-web-5.1.3.RELEASE.jar:5.1.3.RELEASE]
	at org.springframework.web.filter.OncePerRequestFilter.doFilter(OncePerRequestFilter.java:107) ~[spring-web-5.1.3.RELEASE.jar:5.1.3.RELEASE]
	at org.apache.catalina.core.ApplicationFilterChain.internalDoFilter(ApplicationFilterChain.java:193) ~[tomcat-embed-core-9.0.13.jar:9.0.13]
	at org.apache.catalina.core.ApplicationFilterChain.doFilter(ApplicationFilterChain.java:166) ~[tomcat-embed-core-9.0.13.jar:9.0.13]
	at org.springframework.web.filter.FormContentFilter.doFilterInternal(FormContentFilter.java:92) ~[spring-web-5.1.3.RELEASE.jar:5.1.3.RELEASE]
	at org.springframework.web.filter.OncePerRequestFilter.doFilter(OncePerRequestFilter.java:107) ~[spring-web-5.1.3.RELEASE.jar:5.1.3.RELEASE]
	at org.apache.catalina.core.ApplicationFilterChain.internalDoFilter(ApplicationFilterChain.java:193) ~[tomcat-embed-core-9.0.13.jar:9.0.13]
	at org.apache.catalina.core.ApplicationFilterChain.doFilter(ApplicationFilterChain.java:166) ~[tomcat-embed-core-9.0.13.jar:9.0.13]
	at org.springframework.web.filter.HiddenHttpMethodFilter.doFilterInternal(HiddenHttpMethodFilter.java:93) ~[spring-web-5.1.3.RELEASE.jar:5.1.3.RELEASE]
	at org.springframework.web.filter.OncePerRequestFilter.doFilter(OncePerRequestFilter.java:107) ~[spring-web-5.1.3.RELEASE.jar:5.1.3.RELEASE]
	at org.apache.catalina.core.ApplicationFilterChain.internalDoFilter(ApplicationFilterChain.java:193) ~[tomcat-embed-core-9.0.13.jar:9.0.13]
	at org.apache.catalina.core.ApplicationFilterChain.doFilter(ApplicationFilterChain.java:166) ~[tomcat-embed-core-9.0.13.jar:9.0.13]
	at org.springframework.web.filter.CharacterEncodingFilter.doFilterInternal(CharacterEncodingFilter.java:200) ~[spring-web-5.1.3.RELEASE.jar:5.1.3.RELEASE]
	at org.springframework.web.filter.OncePerRequestFilter.doFilter(OncePerRequestFilter.java:107) ~[spring-web-5.1.3.RELEASE.jar:5.1.3.RELEASE]
	at org.apache.catalina.core.ApplicationFilterChain.internalDoFilter(ApplicationFilterChain.java:193) ~[tomcat-embed-core-9.0.13.jar:9.0.13]
	at org.apache.catalina.core.ApplicationFilterChain.doFilter(ApplicationFilterChain.java:166) ~[tomcat-embed-core-9.0.13.jar:9.0.13]
	at org.apache.catalina.core.StandardWrapperValve.invoke(StandardWrapperValve.java:199) [tomcat-embed-core-9.0.13.jar:9.0.13]
	at org.apache.catalina.core.StandardContextValve.invoke(StandardContextValve.java:96) [tomcat-embed-core-9.0.13.jar:9.0.13]
	at org.apache.catalina.authenticator.AuthenticatorBase.invoke(AuthenticatorBase.java:490) [tomcat-embed-core-9.0.13.jar:9.0.13]
	at org.apache.catalina.core.StandardHostValve.invoke(StandardHostValve.java:139) [tomcat-embed-core-9.0.13.jar:9.0.13]
	at org.apache.catalina.valves.ErrorReportValve.invoke(ErrorReportValve.java:92) [tomcat-embed-core-9.0.13.jar:9.0.13]
	at org.apache.catalina.core.StandardEngineValve.invoke(StandardEngineValve.java:74) [tomcat-embed-core-9.0.13.jar:9.0.13]
	at org.apache.catalina.connector.CoyoteAdapter.service(CoyoteAdapter.java:343) [tomcat-embed-core-9.0.13.jar:9.0.13]
	at org.apache.coyote.http11.Http11Processor.service(Http11Processor.java:408) [tomcat-embed-core-9.0.13.jar:9.0.13]
	at org.apache.coyote.AbstractProcessorLight.process(AbstractProcessorLight.java:66) [tomcat-embed-core-9.0.13.jar:9.0.13]
	at org.apache.coyote.AbstractProtocol$ConnectionHandler.process(AbstractProtocol.java:791) [tomcat-embed-core-9.0.13.jar:9.0.13]
	at org.apache.tomcat.util.net.NioEndpoint$SocketProcessor.doRun(NioEndpoint.java:1417) [tomcat-embed-core-9.0.13.jar:9.0.13]
	at org.apache.tomcat.util.net.SocketProcessorBase.run(SocketProcessorBase.java:49) [tomcat-embed-core-9.0.13.jar:9.0.13]
	at java.util.concurrent.ThreadPoolExecutor.runWorker(ThreadPoolExecutor.java:1149) [?:1.8.0_212]
	at java.util.concurrent.ThreadPoolExecutor$Worker.run(ThreadPoolExecutor.java:624) [?:1.8.0_212]
	at org.apache.tomcat.util.threads.TaskThread$WrappingRunnable.run(TaskThread.java:61) [tomcat-embed-core-9.0.13.jar:9.0.13]
	at java.lang.Thread.run(Thread.java:748) [?:1.8.0_212]
