2020-12-14 14:24:29.578 [restartedMain] ERROR org.springframework.boot.SpringApplication - Application run failed
java.lang.IllegalStateException: java.io.FileNotFoundException: /Users/zhangjin/IdeaProjects/worklog/./resources/log4j2.xml (No such file or directory)
	at org.springframework.boot.context.logging.LoggingApplicationListener.initializeSystem(LoggingApplicationListener.java:305) ~[spring-boot-2.1.1.RELEASE.jar:2.1.1.RELEASE]
	at org.springframework.boot.context.logging.LoggingApplicationListener.initialize(LoggingApplicationListener.java:266) ~[spring-boot-2.1.1.RELEASE.jar:2.1.1.RELEASE]
	at org.springframework.boot.context.logging.LoggingApplicationListener.onApplicationEnvironmentPreparedEvent(LoggingApplicationListener.java:229) ~[spring-boot-2.1.1.RELEASE.jar:2.1.1.RELEASE]
	at org.springframework.boot.context.logging.LoggingApplicationListener.onApplicationEvent(LoggingApplicationListener.java:202) ~[spring-boot-2.1.1.RELEASE.jar:2.1.1.RELEASE]
	at org.springframework.context.event.SimpleApplicationEventMulticaster.doInvokeListener(SimpleApplicationEventMulticaster.java:172) ~[spring-context-5.1.3.RELEASE.jar:5.1.3.RELEASE]
	at org.springframework.context.event.SimpleApplicationEventMulticaster.invokeListener(SimpleApplicationEventMulticaster.java:165) ~[spring-context-5.1.3.RELEASE.jar:5.1.3.RELEASE]
	at org.springframework.context.event.SimpleApplicationEventMulticaster.multicastEvent(SimpleApplicationEventMulticaster.java:139) ~[spring-context-5.1.3.RELEASE.jar:5.1.3.RELEASE]
	at org.springframework.context.event.SimpleApplicationEventMulticaster.multicastEvent(SimpleApplicationEventMulticaster.java:127) ~[spring-context-5.1.3.RELEASE.jar:5.1.3.RELEASE]
	at org.springframework.boot.context.event.EventPublishingRunListener.environmentPrepared(EventPublishingRunListener.java:75) ~[spring-boot-2.1.1.RELEASE.jar:2.1.1.RELEASE]
	at org.springframework.boot.SpringApplicationRunListeners.environmentPrepared(SpringApplicationRunListeners.java:54) ~[spring-boot-2.1.1.RELEASE.jar:2.1.1.RELEASE]
	at org.springframework.boot.SpringApplication.prepareEnvironment(SpringApplication.java:347) [spring-boot-2.1.1.RELEASE.jar:2.1.1.RELEASE]
	at org.springframework.boot.SpringApplication.run(SpringApplication.java:306) [spring-boot-2.1.1.RELEASE.jar:2.1.1.RELEASE]
	at org.springframework.boot.SpringApplication.run(SpringApplication.java:1260) [spring-boot-2.1.1.RELEASE.jar:2.1.1.RELEASE]
	at org.springframework.boot.SpringApplication.run(SpringApplication.java:1248) [spring-boot-2.1.1.RELEASE.jar:2.1.1.RELEASE]
	at com.uwntek.worklog.WorklogApplication.main(WorklogApplication.java:10) [classes/:?]
	at sun.reflect.NativeMethodAccessorImpl.invoke0(Native Method) ~[?:1.8.0_212]
	at sun.reflect.NativeMethodAccessorImpl.invoke(NativeMethodAccessorImpl.java:62) ~[?:1.8.0_212]
	at sun.reflect.DelegatingMethodAccessorImpl.invoke(DelegatingMethodAccessorImpl.java:43) ~[?:1.8.0_212]
	at java.lang.reflect.Method.invoke(Method.java:498) ~[?:1.8.0_212]
	at org.springframework.boot.devtools.restart.RestartLauncher.run(RestartLauncher.java:49) [spring-boot-devtools-2.1.1.RELEASE.jar:2.1.1.RELEASE]
Caused by: java.io.FileNotFoundException: /Users/zhangjin/IdeaProjects/worklog/./resources/log4j2.xml (No such file or directory)
	at java.io.FileInputStream.open0(Native Method) ~[?:1.8.0_212]
	at java.io.FileInputStream.open(FileInputStream.java:195) ~[?:1.8.0_212]
	at java.io.FileInputStream.<init>(FileInputStream.java:138) ~[?:1.8.0_212]
	at java.io.FileInputStream.<init>(FileInputStream.java:93) ~[?:1.8.0_212]
	at sun.net.www.protocol.file.FileURLConnection.connect(FileURLConnection.java:90) ~[?:1.8.0_212]
	at sun.net.www.protocol.file.FileURLConnection.getInputStream(FileURLConnection.java:188) ~[?:1.8.0_212]
	at java.net.URL.openStream(URL.java:1045) ~[?:1.8.0_212]
	at org.springframework.boot.context.logging.LoggingApplicationListener.initializeSystem(LoggingApplicationListener.java:297) ~[spring-boot-2.1.1.RELEASE.jar:2.1.1.RELEASE]
	... 19 more
